-------------------------------------------------------------------------
Solve LPCC by Branch and cut.
Preprocessing time: 12.996176
Solving time: 27.248217
Total time: 40.244393
Preprocessing time (wall): 13
Solving time (wall): 27
Total time (wall): 40
Total solved node: 4164
Preprocessing parameter:
-Feasibility_recovery_breath: 0.600000
-Feasibility_recovery_depth: 5
-BoundCut generate loop: 3
-BoundCut split: 1
-DisjunctiveCut generate loop: 3584
-SimpleCut generate loop: 3840
-MccormickRefineCnt: 0
-------------------------------------------------------------------------
LP relaxation: 0.578038
Improved lower bound:0.699594
LPCC is feasible and bounded
Optimal value: 0.793066
Optimal solution:
x[0]: 0.000000000000  
x[1]: 0.130637190679  
x[2]: 0.000000000000  
x[3]: 0.170263429803  
x[4]: 0.052517267074  
x[5]: 0.106766891643  
x[6]: 0.000000000000  
x[7]: 0.000000000000  
x[8]: 0.000000000000  
x[9]: 0.096536135896  
x[10]: 0.169006684270  
x[11]: 0.000000000000  
x[12]: 0.000000000000  
x[13]: 0.005306531534  
x[14]: 0.000000000000  
x[15]: 0.000000000000  
x[16]: 0.097416683045  
x[17]: 0.000000000000  
x[18]: 0.000000000000  
x[19]: 0.072706140999  
x[20]: 0.062905795593  
x[21]: 0.000000000000  
x[22]: 0.176987311204  
x[23]: 0.000000000000  
x[24]: 0.105015526721  
x[25]: 0.015654736204  
x[26]: 0.053480271232  
x[27]: 0.014192114565  
x[28]: 0.079949807152  
x[29]: 0.000000000000  
x[30]: 0.000000000000  
x[31]: 0.114272417805  
x[32]: 0.000000000000  
x[33]: 0.000000000000  
x[34]: 0.000000000000  
x[35]: 0.000000000000  
x[36]: 0.175826888741  
x[37]: 0.042738731885  
x[38]: 0.024462159136  
x[39]: 0.075948275902  
x[40]: 0.000000000000  
x[41]: 0.000000000000  
x[42]: 0.000000000000  
x[43]: 0.000000000000  
x[44]: 0.229399198779  
x[45]: 0.000000000000  
x[46]: 0.016811543402  
x[47]: 0.000000000000  
x[48]: 0.000000000000  
x[49]: 0.026673207921  
x[50]: 0.000000000000  
x[51]: 0.000000000000  
x[52]: 0.000000000000  
x[53]: 0.000000000000  
x[54]: 0.000000000000  
x[55]: 0.000000000000  
x[56]: 0.000000000000  
x[57]: 0.049602183549  
x[58]: 0.000000000000  
x[59]: 0.000000000000  
x[60]: 0.000000000000  
x[61]: 0.000000000000  
x[62]: 0.000000000000  
x[63]: 0.000000000000  
x[64]: 0.000000000000  
x[65]: 0.000000000000  
x[66]: 0.000000000000  
x[67]: 0.000000000000  
x[68]: 0.000000000000  
x[69]: 0.000000000000  
x[70]: 0.000000000000  
x[71]: 0.000000000000  
x[72]: 0.000000000000  
x[73]: 0.000000000000  
x[74]: 0.004471891855  
x[75]: 0.000000000000  
x[76]: 0.000000000000  
x[77]: 0.000000000000  
x[78]: 0.000000000000  
x[79]: 0.027321419019  
x[80]: 0.000000000000  
x[81]: 0.000000000000  
x[82]: 0.000000000000  
x[83]: 0.105857701578  
x[84]: 0.000000000000  
x[85]: 0.000000000000  
x[86]: 0.000000000000  
x[87]: 0.011818874649  
x[88]: 0.000000000000  
x[89]: 0.000000000000  
x[90]: 0.000000000000  
x[91]: 0.000000000000  
x[92]: 0.000000000000  
x[93]: 0.000000000000  
x[94]: 0.000000000000  
x[95]: 0.000000000000  
x[96]: 0.000000000000  
x[97]: 0.000000000000  
x[98]: 0.000000000000  
x[99]: 0.000000000000  
y[0]: 0.000000000000  
y[1]: 0.000000000000  
y[2]: 0.000000000000  
y[3]: 0.000000000000  
y[4]: 0.000000000000  
y[5]: 0.000000000000  
y[6]: 0.000000000000  
y[7]: 0.000000000000  
y[8]: 0.000000000000  
y[9]: 0.000000000000  
y[10]: 0.000000000000  
y[11]: 0.000000000000  
y[12]: 0.000000000000  
y[13]: 0.000000000000  
y[14]: 0.000000000000  
y[15]: 0.000000000000  
y[16]: 0.000000000000  
y[17]: 0.000000000000  
y[18]: 0.000000000000  
y[19]: 0.032786221990  
y[20]: 0.000000000000  
y[21]: 0.000000000000  
y[22]: 0.000000000000  
y[23]: 0.000000000000  
y[24]: 0.000000000000  
y[25]: 0.000000000000  
y[26]: 0.000000000000  
y[27]: 0.000000000000  
y[28]: 0.000000000000  
y[29]: 0.000000000000  
y[30]: 0.000000000000  
y[31]: 0.000000000000  
y[32]: 0.000000000000  
y[33]: 0.000000000000  
y[34]: 0.000000000000  
y[35]: 0.000000000000  
y[36]: 0.000000000000  
y[37]: 0.000000000000  
y[38]: 0.000000000000  
y[39]: 0.000000000000  
y[40]: 0.000000000000  
y[41]: 0.000000000000  
y[42]: 0.000000000000  
y[43]: 0.000000000000  
y[44]: 0.000000000000  
y[45]: 0.000000000000  
y[46]: 0.000000000000  
y[47]: 0.000000000000  
y[48]: 0.000000000000  
y[49]: 0.000000000000  
y[50]: 0.000000000000  
y[51]: 0.000000000000  
y[52]: 0.000000000000  
y[53]: 0.000000000000  
y[54]: 0.000000000000  
y[55]: 0.000000000000  
y[56]: 0.000000000000  
y[57]: 0.000000000000  
y[58]: 0.000000000000  
y[59]: 0.000000000000  
y[60]: 0.000000000000  
y[61]: 0.000000000000  
y[62]: 0.000000000000  
y[63]: 0.000000000000  
y[64]: 0.000000000000  
y[65]: 0.000000000000  
y[66]: 0.000000000000  
y[67]: 0.000000000000  
y[68]: 0.000000000000  
y[69]: 0.000000000000  
y[70]: 0.000000000000  
y[71]: 0.000000000000  
y[72]: 0.000000000000  
y[73]: 0.000000000000  
y[74]: 0.000000000000  
y[75]: 0.000000000000  
y[76]: 0.000000000000  
y[77]: 0.000000000000  
y[78]: 0.000000000000  
y[79]: 0.000000000000  
y[80]: 0.000000000000  
y[81]: 0.000000000000  
y[82]: 0.000000000000  
y[83]: 0.000000000000  
y[84]: 0.000000000000  
y[85]: 0.000000000000  
y[86]: 0.000000000000  
y[87]: 0.000000000000  
y[88]: 0.000000000000  
y[89]: 0.000000000000  
y[90]: 0.000000000000  
y[91]: 0.000000000000  
y[92]: 0.000000000000  
y[93]: 0.000000000000  
y[94]: 0.000000000000  
y[95]: 0.000000000000  
y[96]: 0.000000000000  
y[97]: 0.000000000000  
y[98]: 0.000000000000  
y[99]: 0.000000000000  
y[100]: 0.000000000000  
y[101]: 0.000000000000  
y[102]: 0.000000000000  
y[103]: 0.000000000000  
y[104]: 0.000000000000  
y[105]: 0.000000000000  
y[106]: 0.000000000000  
y[107]: 0.000000000000  
y[108]: 0.000000000000  
y[109]: 0.000000000000  
y[110]: 0.000000000000  
y[111]: 0.000000000000  
y[112]: 0.000000000000  
y[113]: 0.000000000000  
y[114]: 0.000000000000  
y[115]: 0.000000000000  
y[116]: 0.000000000000  
y[117]: 0.000000000000  
y[118]: 0.000000000000  
y[119]: 0.000000000000  
y[120]: 0.000000000000  
y[121]: 0.002458630162  
y[122]: 0.000000000000  
y[123]: 0.000000000000  
y[124]: 0.000000000000  
y[125]: 0.000000000000  
y[126]: 0.000000000000  
y[127]: 0.000000000000  
y[128]: 0.000000000000  
y[129]: 0.000000000000  
y[130]: 0.000000000000  
y[131]: 0.000000000000  
y[132]: 0.000655089988  
y[133]: 0.000000000000  
y[134]: 0.000000000000  
y[135]: 0.000000000000  
y[136]: 0.000000000000  
y[137]: 0.000000000000  
y[138]: 0.000000000000  
y[139]: 0.000000000000  
y[140]: 0.000000000000  
y[141]: 0.000000000000  
y[142]: 0.000000000000  
y[143]: 0.000000000000  
y[144]: 0.000000000000  
y[145]: 0.000000000000  
y[146]: 0.000000000000  
y[147]: 0.000000000000  
y[148]: 0.000000000000  
y[149]: 0.000000000000  
y[150]: 0.025706504615  
y[151]: 0.000000000000  
y[152]: 0.212978485129  
y[153]: 0.000000000000  
y[154]: 0.000000000000  
y[155]: 0.000000000000  
y[156]: 0.051542972794  
y[157]: 0.213447585555  
y[158]: 0.000000000000  
y[159]: 0.000000000000  
y[160]: 0.000000000000  
y[161]: 0.015059103240  
y[162]: 0.105573844867  
y[163]: 0.000000000000  
y[164]: 0.078419691821  
y[165]: 0.073321629496  
y[166]: 0.000000000000  
y[167]: 0.043108482898  
y[168]: 0.070430471546  
y[169]: 0.000000000000  
y[170]: 0.000000000000  
y[171]: 0.062845406028  
y[172]: 0.000000000000  
y[173]: 0.072044531958  
y[174]: 0.000000000000  
y[175]: 0.000000000000  
y[176]: 0.000000000000  
y[177]: 0.000000000000  
y[178]: 0.000000000000  
y[179]: 0.000000000000  
y[180]: 0.139170057214  
y[181]: 0.000000000000  
y[182]: 0.127871126108  
y[183]: 0.000000000000  
y[184]: 0.059114969454  
y[185]: 0.155748173802  
y[186]: 0.000000000000  
y[187]: 0.000000000000  
y[188]: 0.000000000000  
y[189]: 0.000000000000  
y[190]: 0.056001704913  
y[191]: 0.095793518067  
y[192]: 0.062868717350  
y[193]: 0.129331669352  
y[194]: 0.000000000000  
y[195]: 0.067764388676  
y[196]: 0.000000000000  
y[197]: 0.024490469351  
y[198]: 0.261716928576  
y[199]: 0.000000000000  
