-------------------------------------------------------------------------
Solve LPCC by CPLEX
Preprocessing time: 12.598969
Solving time: 4938.928548
Total time: 4951.527517
Preprocessing time (wall): 12
Solving time (wall): 7460
Total time (wall): 7472
Total solved node: 1758366
Preprocessing parameter:
-Feasibility_recovery_breath: 0.600000
-Feasibility_recovery_depth: 5
-BoundCut generate loop: 3
-BoundCut split: 1
-DisjunctiveCut generate loop: 3584
-SimpleCut generate loop: 3840
-MccormickRefineCnt: 0
-------------------------------------------------------------------------
LP relaxation: 0.519369
Improved lower bound:0.687520
CPLEX time limit reached, and feasible solution exists
Best lower bound: 0.881314
Best objective value; 1.082810Best solution:
x[0]: 0.000000000000  
x[1]: 0.001536554673  
x[2]: 0.068067391403  
x[3]: 0.000000000000  
x[4]: 0.087001571894  
x[5]: 0.080180057210  
x[6]: 0.047971996467  
x[7]: 0.082776293622  
x[8]: 0.009255364066  
x[9]: 0.035109697050  
x[10]: 0.000000000000  
x[11]: 0.035175092195  
x[12]: 0.000000000000  
x[13]: 0.000000000000  
x[14]: 0.000000000000  
x[15]: 0.042513115337  
x[16]: 0.033956444911  
x[17]: 0.081952574269  
x[18]: 0.036314921386  
x[19]: 0.025261932508  
x[20]: 0.001773121996  
x[21]: 0.015887517450  
x[22]: 0.042146963579  
x[23]: 0.013860548330  
x[24]: 0.003605946298  
x[25]: 0.000000000000  
x[26]: 0.000000000000  
x[27]: 0.036538085828  
x[28]: 0.033665398912  
x[29]: 0.051758379607  
x[30]: 0.001987425845  
x[31]: 0.000000000000  
x[32]: 0.083908420042  
x[33]: 0.000000000000  
x[34]: 0.017987345842  
x[35]: 0.043086813233  
x[36]: 0.000000000000  
x[37]: 0.000000000000  
x[38]: 0.053271591878  
x[39]: 0.000000000000  
x[40]: 0.014813341444  
x[41]: 0.007053423385  
x[42]: 0.002278523784  
x[43]: 0.115998818728  
x[44]: 0.000000000000  
x[45]: 0.002989007323  
x[46]: 0.081941364404  
x[47]: 0.000000000000  
x[48]: 0.019002590596  
x[49]: 0.007555837349  
x[50]: 0.064047936647  
x[51]: 0.027557492069  
x[52]: 0.022472572939  
x[53]: 0.031626729945  
x[54]: 0.000000000000  
x[55]: 0.005318048552  
x[56]: 0.059340529332  
x[57]: 0.072840875111  
x[58]: 0.000000000000  
x[59]: 0.001762863736  
x[60]: 0.058924443191  
x[61]: 0.030554632792  
x[62]: 0.000000000000  
x[63]: 0.000000000000  
x[64]: 0.045226925768  
x[65]: 0.000000000000  
x[66]: 0.059758704454  
x[67]: 0.047469957094  
x[68]: 0.068760024364  
x[69]: 0.011404676024  
x[70]: 0.042860661775  
x[71]: 0.000000000000  
x[72]: 0.029271355250  
x[73]: 0.029420132373  
x[74]: 0.000000000000  
x[75]: 0.000000000000  
x[76]: 0.000000000000  
x[77]: 0.000000000000  
x[78]: 0.000000000000  
x[79]: 0.000000000000  
x[80]: 0.000000000000  
x[81]: 0.000000000000  
x[82]: 0.000000000000  
x[83]: 0.000000000000  
x[84]: 0.000000000000  
x[85]: 0.000000000000  
x[86]: 0.000000000000  
x[87]: 0.000000000000  
x[88]: 0.000000000000  
x[89]: 0.000000000000  
x[90]: 0.000000000000  
x[91]: 0.000000000000  
x[92]: 0.000000000000  
x[93]: 0.000000000000  
x[94]: 0.000000000000  
x[95]: 0.000000000000  
x[96]: 0.000000000000  
x[97]: 0.000000000000  
x[98]: 0.000000000000  
x[99]: 0.000000000000  
x[100]: 0.121367462988  
x[101]: 0.000000000000  
x[102]: 0.000000000000  
x[103]: 0.000000000000  
x[104]: 0.000000000000  
x[105]: 0.000000000000  
x[106]: 0.000000000000  
x[107]: 0.000000000000  
x[108]: 0.000000000000  
x[109]: 0.000000000000  
x[110]: 0.000000000000  
x[111]: 0.000000000000  
x[112]: 0.000000000000  
x[113]: 0.000000000000  
x[114]: 0.000000000000  
x[115]: 0.000000000000  
x[116]: 0.000000000000  
x[117]: 0.000000000000  
x[118]: 0.000000000000  
x[119]: 0.000000000000  
x[120]: 0.000000000000  
x[121]: 0.000000000000  
x[122]: 0.000000000000  
x[123]: 0.000000000000  
x[124]: 0.000000000000  
x[125]: 0.000000000000  
x[126]: 0.000000000000  
x[127]: 0.017669208891  
x[128]: 0.000000000000  
x[129]: 0.000000000000  
x[130]: 0.000000000000  
x[131]: 0.000000000000  
x[132]: 0.000000000000  
x[133]: 0.000000000000  
x[134]: 0.000000000000  
x[135]: 0.000000000000  
x[136]: 0.000000000000  
x[137]: 0.000000000000  
x[138]: 0.000000000000  
x[139]: 0.000000000000  
x[140]: 0.000000000000  
x[141]: 0.000000000000  
x[142]: 0.000000000000  
x[143]: 0.000000000000  
x[144]: 0.000000000000  
x[145]: 0.000000000000  
x[146]: 0.000000000000  
x[147]: 0.000000000000  
x[148]: 0.000000000000  
x[149]: 0.548003121610  
y[0]: 0.000000000000  
y[1]: 0.000000000000  
y[2]: 0.000000000000  
y[3]: 0.000000000000  
y[4]: 0.000000000000  
y[5]: 0.000000000000  
y[6]: 0.000000000000  
y[7]: 0.000000000000  
y[8]: 0.000000000000  
y[9]: 0.055109698039  
y[10]: 0.000000000000  
y[11]: 0.000000000000  
y[12]: 0.000000000000  
y[13]: 0.000000000000  
y[14]: 0.000000000000  
y[15]: 0.000000000000  
y[16]: 0.000000000000  
y[17]: 0.000000000000  
y[18]: 0.000000000000  
y[19]: 0.000000000000  
y[20]: 0.000000000000  
y[21]: 0.182732236496  
y[22]: 0.000000000000  
y[23]: 0.000000000000  
y[24]: 0.000000000000  
y[25]: 0.000000000000  
y[26]: 0.000000000000  
y[27]: 0.169202845223  
y[28]: 0.000000000000  
y[29]: 0.000000000000  
y[30]: 0.000000000000  
y[31]: 0.000000000000  
y[32]: 0.000000000000  
y[33]: 0.000000000000  
y[34]: 0.000000000000  
y[35]: 0.000000000000  
y[36]: 0.000000000000  
y[37]: 0.000000000000  
y[38]: 0.000000000000  
y[39]: 0.000000000000  
y[40]: 0.000000000000  
y[41]: 0.000000000000  
y[42]: 0.000000000000  
y[43]: 0.000000000000  
y[44]: 0.000000000000  
y[45]: 0.000000000000  
y[46]: 0.000000000000  
y[47]: 0.000000000000  
y[48]: 0.000000000000  
y[49]: 0.000000000000  
y[50]: 0.017529211758  
y[51]: 0.000000000000  
y[52]: 0.000000000000  
y[53]: 0.337061654322  
y[54]: 0.000000000000  
y[55]: 0.000000000000  
y[56]: 0.000000000000  
y[57]: 0.000000000000  
y[58]: 0.000000000000  
y[59]: 0.000000000000  
y[60]: 0.084779889791  
y[61]: 0.000000000000  
y[62]: 0.000000000000  
y[63]: 0.130042934117  
y[64]: 0.090649370094  
y[65]: 0.000000000000  
y[66]: 0.000000000000  
y[67]: 0.000000000000  
y[68]: 0.000000000000  
y[69]: 0.000000000000  
y[70]: 0.000000000000  
y[71]: 0.000000000000  
y[72]: 0.000000000000  
y[73]: 0.000000000000  
y[74]: 0.000000000000  
y[75]: 0.000000000000  
y[76]: 0.015788980135  
y[77]: 0.000000000000  
y[78]: 0.000000000000  
y[79]: 0.000000000000  
y[80]: 0.000000000000  
y[81]: 0.025338580739  
y[82]: 0.000000000000  
y[83]: 0.293018938296  
y[84]: 0.000000000000  
y[85]: 0.000000000000  
y[86]: 0.042608364903  
y[87]: 0.078871017442  
y[88]: 0.000000000000  
y[89]: 0.270934202798  
y[90]: 0.000000000000  
y[91]: 0.000000000000  
y[92]: 0.000000000000  
y[93]: 0.000000000000  
y[94]: 0.085520133495  
y[95]: 0.000000000000  
y[96]: 0.000000000000  
y[97]: 0.158704015469  
y[98]: 0.000000000000  
y[99]: 0.000000000000  
y[100]: 0.000000000000  
y[101]: 0.000000000000  
y[102]: 0.000000000000  
y[103]: 0.000000000000  
y[104]: 0.026368249820  
y[105]: 0.000000000000  
y[106]: 0.000000000000  
y[107]: 0.000000000000  
y[108]: 0.139516814693  
y[109]: 0.000000000000  
y[110]: 0.000000000000  
y[111]: 0.000000000000  
y[112]: 0.881174993517  
y[113]: 0.193128986480  
y[114]: 0.000000000000  
y[115]: 0.034598950578  
y[116]: 0.000000000000  
y[117]: 0.000000000000  
y[118]: 0.000000000000  
y[119]: 0.000000000000  
y[120]: 0.000000000000  
y[121]: 0.113477033512  
y[122]: 0.000000000000  
y[123]: 0.000000000000  
y[124]: 0.000000000000  
