-------------------------------------------------------------------------
Solve LPCC by CPLEX
Preprocessing time: 21.630913
Solving time: 47304.963900
Total time: 47326.594813
Preprocessing time (wall): 21
Solving time (wall): 7237
Total time (wall): 7258
Total solved node: 13525363
Preprocessing parameter:
-Feasibility_recovery_breath: 0.600000
-Feasibility_recovery_depth: 5
-BoundCut generate loop: 3
-BoundCut split: 1
-DisjunctiveCut generate loop: 3584
-SimpleCut generate loop: 3840
-MccormickRefineCnt: 0
-------------------------------------------------------------------------
LP relaxation: 0.487870
Improved lower bound:0.771204
CPLEX time limit reached, and feasible solution exists
Best lower bound: 1.044708
Best objective value; 1.251992Best solution:
x[0]: 0.000000000000  
x[1]: 0.008975054515  
x[2]: 0.000000000000  
x[3]: 0.036890371852  
x[4]: 0.040449461282  
x[5]: 0.000000000000  
x[6]: 0.049103516596  
x[7]: 0.000000000000  
x[8]: 0.000000000000  
x[9]: 0.020004253557  
x[10]: 0.000000000000  
x[11]: 0.100243778634  
x[12]: 0.135777664515  
x[13]: 0.015953209929  
x[14]: 0.000000000000  
x[15]: 0.000000000000  
x[16]: 0.000000000000  
x[17]: 0.190336779520  
x[18]: 0.000000000000  
x[19]: 0.029505175784  
x[20]: 0.000000000000  
x[21]: 0.018207974720  
x[22]: 0.080698412885  
x[23]: 0.021705916337  
x[24]: 0.098316326738  
x[25]: 0.000000000000  
x[26]: 0.061420698634  
x[27]: 0.000000000000  
x[28]: 0.153525362978  
x[29]: 0.124418810674  
x[30]: 0.000000000000  
x[31]: 0.040493200386  
x[32]: 0.075126903656  
x[33]: 0.003777225605  
x[34]: 0.000000000000  
x[35]: 0.084929198910  
x[36]: 0.000000000000  
x[37]: 0.144662648405  
x[38]: 0.040184293344  
x[39]: 0.191716091904  
x[40]: 0.001379689970  
x[41]: 0.157136086658  
x[42]: 0.111499793902  
x[43]: 0.014101255256  
x[44]: 0.000000000000  
x[45]: 0.057306468691  
x[46]: 0.045580437464  
x[47]: 0.021858248729  
x[48]: 0.000000000000  
x[49]: 0.101776009367  
x[50]: 0.000000000000  
x[51]: 0.000000000000  
x[52]: 0.000000000000  
x[53]: 0.000000000000  
x[54]: 0.000000000000  
x[55]: 0.000000000000  
x[56]: 0.000000000000  
x[57]: 0.000000000000  
x[58]: 0.000000000000  
x[59]: 0.000000000000  
x[60]: 0.000000000000  
x[61]: 0.000000000000  
x[62]: 0.000000000000  
x[63]: 0.000000000000  
x[64]: 0.000000000000  
x[65]: 0.000000000000  
x[66]: 0.000000000000  
x[67]: 0.000000000000  
x[68]: 0.000000000000  
x[69]: 0.000000000000  
x[70]: 0.000000000000  
x[71]: 0.000000000000  
x[72]: 0.000000000000  
x[73]: 0.000000000000  
x[74]: 0.039393273785  
x[75]: 0.000000000000  
x[76]: 0.000000000000  
x[77]: 0.000000000000  
x[78]: 0.000000000000  
x[79]: 0.000000000000  
x[80]: 0.000000000000  
x[81]: 0.000000000000  
x[82]: 0.000000000000  
x[83]: 0.000000000000  
x[84]: 0.000000000000  
x[85]: 0.000000000000  
x[86]: 0.000000000000  
x[87]: 0.000000000000  
x[88]: 0.000000000000  
x[89]: 0.000000000000  
x[90]: 0.000000000000  
x[91]: 0.000000000000  
x[92]: 0.000000000000  
x[93]: 0.000000000000  
x[94]: 0.000000000000  
x[95]: 0.000000000000  
x[96]: 0.000000000000  
x[97]: 0.000000000000  
x[98]: 0.000000000000  
x[99]: 0.000000000000  
y[0]: 0.000000000000  
y[1]: 0.000000000000  
y[2]: 0.000000000000  
y[3]: 0.000000000000  
y[4]: 0.000000000000  
y[5]: 0.000000000000  
y[6]: 0.000000000000  
y[7]: 0.000000000000  
y[8]: 0.000000000000  
y[9]: 0.000000000000  
y[10]: 0.000000000000  
y[11]: 0.000000000000  
y[12]: 0.000000000000  
y[13]: 0.000000000000  
y[14]: 0.000000000000  
y[15]: 0.000000000000  
y[16]: 0.000000000000  
y[17]: 0.000000000000  
y[18]: 0.000000000000  
y[19]: 0.000000000000  
y[20]: 0.000000000000  
y[21]: 0.000000000000  
y[22]: 0.000000000000  
y[23]: 0.000000000000  
y[24]: 0.000000000000  
y[25]: 0.000000000000  
y[26]: 0.000000000000  
y[27]: 0.000000000000  
y[28]: 0.000000000000  
y[29]: 0.000000000000  
y[30]: 0.000000000000  
y[31]: 0.000000000000  
y[32]: 0.000000000000  
y[33]: 0.000000000000  
y[34]: 0.000000000000  
y[35]: 0.000000000000  
y[36]: 0.000000000000  
y[37]: 0.000000000000  
y[38]: 0.000000000000  
y[39]: 0.000000000000  
y[40]: 0.000000000000  
y[41]: 0.000000000000  
y[42]: 0.000000000000  
y[43]: 0.000000000000  
y[44]: 0.000000000000  
y[45]: 0.000000000000  
y[46]: 0.000000000000  
y[47]: 0.000000000000  
y[48]: 0.023763111227  
y[49]: 0.000000000000  
y[50]: 0.000000000000  
y[51]: 0.000000000000  
y[52]: 0.000000000000  
y[53]: 0.000000000000  
y[54]: 0.000000000000  
y[55]: 0.000000000000  
y[56]: 0.000000000000  
y[57]: 0.000000000000  
y[58]: 0.000000000000  
y[59]: 0.000000000000  
y[60]: 0.000000000000  
y[61]: 0.000000000000  
y[62]: 0.000000000000  
y[63]: 0.000000000000  
y[64]: 0.000000000000  
y[65]: 0.000000000000  
y[66]: 0.000000000000  
y[67]: 0.000000000000  
y[68]: 0.000000000000  
y[69]: 0.000000000000  
y[70]: 0.000000000000  
y[71]: 0.000000000000  
y[72]: 0.000000000000  
y[73]: 0.000000000000  
y[74]: 0.000000000000  
y[75]: 0.000000000000  
y[76]: 0.000000000000  
y[77]: 0.000000000000  
y[78]: 0.000000000000  
y[79]: 0.000000000000  
y[80]: 0.000000000000  
y[81]: 0.337284447279  
y[82]: 0.000000000000  
y[83]: 0.000000000000  
y[84]: 0.000000000000  
y[85]: 0.000000000000  
y[86]: 0.000000000000  
y[87]: 0.000000000000  
y[88]: 0.000000000000  
y[89]: 0.000000000000  
y[90]: 0.000000000000  
y[91]: 0.000000000000  
y[92]: 0.000000000000  
y[93]: 0.000000000000  
y[94]: 0.000000000000  
y[95]: 0.000000000000  
y[96]: 0.000000000000  
y[97]: 0.000000000000  
y[98]: 0.000000000000  
y[99]: 0.000000000000  
y[100]: 0.000000000000  
y[101]: 0.000000000000  
y[102]: 0.000000000000  
y[103]: 0.000000000000  
y[104]: 0.000000000000  
y[105]: 0.000000000000  
y[106]: 0.000000000000  
y[107]: 0.000000000000  
y[108]: 0.000000000000  
y[109]: 0.000000000000  
y[110]: 0.000000000000  
y[111]: 0.000000000000  
y[112]: 0.000000000000  
y[113]: 0.000000000000  
y[114]: 0.000000000000  
y[115]: 0.000000000000  
y[116]: 0.000000000000  
y[117]: 0.000000000000  
y[118]: 0.000000000000  
y[119]: 0.000000000000  
y[120]: 0.000000000000  
y[121]: 0.000000000000  
y[122]: 0.000000000000  
y[123]: 0.000000000000  
y[124]: 0.000000000000  
y[125]: 0.000000000000  
y[126]: 0.000000000000  
y[127]: 0.000000000000  
y[128]: 0.000000000000  
y[129]: 0.000000000000  
y[130]: 0.000000000000  
y[131]: 0.000000000000  
y[132]: 0.000000000000  
y[133]: 0.000000000000  
y[134]: 0.000000000000  
y[135]: 0.000000000000  
y[136]: 0.000000000000  
y[137]: 0.000000000000  
y[138]: 0.000000000000  
y[139]: 0.000000000000  
y[140]: 0.000000000000  
y[141]: 0.000000000000  
y[142]: 0.000000000000  
y[143]: 0.000000000000  
y[144]: 0.000000000000  
y[145]: 0.000000000000  
y[146]: 0.000000000000  
y[147]: 0.000000000000  
y[148]: 0.000000000000  
y[149]: 0.000000000000  
y[150]: 0.000000000000  
y[151]: 0.000000000000  
y[152]: 0.000000000000  
y[153]: 0.000000000000  
y[154]: 0.000000000000  
y[155]: 0.000000000000  
y[156]: 0.000000000000  
y[157]: 0.000000000000  
y[158]: 0.000000000000  
y[159]: 0.000000000000  
y[160]: 0.000000000000  
y[161]: 0.000000000000  
y[162]: 0.000000000000  
y[163]: 0.000000000000  
y[164]: 0.000000000000  
y[165]: 0.000000000000  
y[166]: 0.000000000000  
y[167]: 0.102392408474  
y[168]: 0.000000000000  
y[169]: 0.000000000000  
y[170]: 0.000000000000  
y[171]: 0.000000000000  
y[172]: 0.000000000000  
y[173]: 0.000000000000  
y[174]: 0.000000000000  
y[175]: 0.000000000000  
y[176]: 0.000000000000  
y[177]: 0.000000000000  
y[178]: 0.000000000000  
y[179]: 0.000000000000  
y[180]: 0.000000000000  
y[181]: 0.000000000000  
y[182]: 0.000000000000  
y[183]: 0.000000000000  
y[184]: 0.000000000000  
y[185]: 0.000000000000  
y[186]: 0.000000000000  
y[187]: 0.000000000000  
y[188]: 0.000000000000  
y[189]: 0.000000000000  
y[190]: 0.000000000000  
y[191]: 0.000000000000  
y[192]: 0.000000000000  
y[193]: 0.000000000000  
y[194]: 0.000000000000  
y[195]: 0.000000000000  
y[196]: 0.433640219655  
y[197]: 0.000000000000  
y[198]: 0.014638829857  
y[199]: 0.000000000000  
y[200]: 0.002185376370  
y[201]: 0.000000000000  
y[202]: 0.088273332437  
y[203]: 0.000000000000  
y[204]: 0.000000000000  
y[205]: 0.242944208881  
y[206]: 0.000000000000  
y[207]: 0.001418773500  
y[208]: 0.378318060789  
y[209]: 0.000000000000  
y[210]: 0.092770215380  
y[211]: 0.000000000000  
y[212]: 0.000000000000  
y[213]: 0.000000000000  
y[214]: 0.313364731329  
y[215]: 0.201484854552  
y[216]: 0.370493867608  
y[217]: 0.000000000000  
y[218]: 1.184791633569  
y[219]: 0.000000000000  
y[220]: 0.533880472752  
y[221]: 0.000000000000  
y[222]: 0.000000000000  
y[223]: 0.000000000000  
y[224]: 0.000000000000  
y[225]: 0.434755287084  
y[226]: 0.000000000000  
y[227]: 0.008736317621  
y[228]: 0.000000000000  
y[229]: 0.000000000000  
y[230]: 0.228051212093  
y[231]: 0.000000000000  
y[232]: 0.000000000000  
y[233]: 0.000000000000  
y[234]: 0.308226184550  
y[235]: 0.000000000000  
y[236]: 0.782181463362  
y[237]: 0.000000000000  
y[238]: 0.000000000000  
y[239]: 0.000000000000  
y[240]: 0.000000000000  
y[241]: 0.000000000000  
y[242]: 0.000000000000  
y[243]: 0.000000000000  
y[244]: 0.453536572286  
y[245]: 0.000000000000  
y[246]: 0.000000000000  
y[247]: 0.000000000000  
y[248]: 1.231158109383  
y[249]: 0.000000000000  
